Command line:
   adder_4_b_vtf_isim_beh.exe
     -simmode  gui
     -simrunnum  0
     -socket  57547

Mon Feb 04 13:28:46 2019


 Elaboration Time: 0.140625 sec

 Current Memory Usage: 5335.4 Meg

 Total Signals          : 20
 Total Nets             : 27
 Total Signal Drivers   : 10
 Total Blocks           : 3
 Total Primitive Blocks : 2
 Total Processes        : 11
 Total Traceable Variables  : 21
 Total Scalar Nets and Variables : 116
Total Line Count : 28

 Total Simulation Time: 0.203125 sec

 Current Memory Usage: 5178.12 Meg

Mon Feb 04 13:32:09 2019

